c:\users\asus\source\repos\lab12\lab12\x64\debug\main.obj
c:\users\asus\source\repos\lab12\lab12\x64\debug\moc_mainwindow.obj
c:\users\asus\source\repos\lab12\lab12\x64\debug\qrc_mainwindow.obj
c:\users\asus\source\repos\lab12\lab12\x64\debug\mainwindow.obj
c:\users\asus\source\repos\lab12\lab12\x64\debug\vc141.pdb
c:\users\asus\source\repos\lab12\lab12\x64\debug\domainvalidator.obj
c:\users\asus\source\repos\lab12\lab12\x64\debug\tester.obj
c:\users\asus\source\repos\lab12\lab12\x64\debug\controller.obj
c:\users\asus\source\repos\lab12\lab12\x64\debug\domain.obj
c:\users\asus\source\repos\lab12\lab12\x64\debug\repositoryexceptions.obj
c:\users\asus\source\repos\lab12\lab12\x64\debug\csvwatchlist.obj
c:\users\asus\source\repos\lab12\lab12\x64\debug\filewatchlist.obj
c:\users\asus\source\repos\lab12\lab12\x64\debug\repository.obj
c:\users\asus\source\repos\lab12\lab12\x64\debug\htmlwatchlist.obj
c:\users\asus\source\repos\lab12\lab12\x64\debug\moc_usermode.obj
c:\users\asus\source\repos\lab12\lab12\x64\debug\moc_adminmode.obj
c:\users\asus\source\repos\lab12\lab12\x64\debug\usermode.obj
c:\users\asus\source\repos\lab12\lab12\x64\debug\adminmode.obj
c:\users\asus\source\repos\lab12\lab12\x64\debug\playtrailers.obj
c:\users\asus\source\repos\lab12\lab12\x64\debug\moc_playtrailers.obj
c:\users\asus\source\repos\lab12\lab12\x64\debug\moc_setuptable.obj
c:\users\asus\source\repos\lab12\lab12\x64\debug\setuptable.obj
c:\users\asus\source\repos\lab12\lab12\x64\debug\tableview.obj
c:\users\asus\source\repos\lab12\lab12\generatedfiles\debug\moc_mainwindow.cpp
c:\users\asus\source\repos\lab12\lab12\generatedfiles\qrc_mainwindow.cpp
c:\users\asus\source\repos\lab12\lab12\generatedfiles\ui_mainwindow.h
c:\users\asus\source\repos\lab12\lab12\generatedfiles\debug\moc_usermode.cpp
c:\users\asus\source\repos\lab12\lab12\generatedfiles\debug\moc_adminmode.cpp
c:\users\asus\source\repos\lab12\lab12\generatedfiles\ui_adminmode.h
c:\users\asus\source\repos\lab12\lab12\generatedfiles\ui_usermode.h
c:\users\asus\source\repos\lab12\lab12\generatedfiles\debug\moc_playtrailers.cpp
c:\users\asus\source\repos\lab12\lab12\generatedfiles\ui_playtrailers.h
c:\users\asus\source\repos\lab12\lab12\generatedfiles\debug\moc_setuptable.cpp
c:\users\asus\source\repos\lab12\lab12\generatedfiles\ui_setuptable.h
c:\users\asus\source\repos\lab12\x64\debug\lab12.exe
c:\users\asus\source\repos\lab12\x64\debug\lab12.ilk
c:\users\asus\source\repos\lab12\x64\debug\lab12.pdb
c:\users\asus\source\repos\lab12\lab12\x64\debug\lab12.tlog\cl.command.1.tlog
c:\users\asus\source\repos\lab12\lab12\x64\debug\lab12.tlog\cl.read.1.tlog
c:\users\asus\source\repos\lab12\lab12\x64\debug\lab12.tlog\cl.write.1.tlog
c:\users\asus\source\repos\lab12\lab12\x64\debug\lab12.tlog\lab12.write.1u.tlog
c:\users\asus\source\repos\lab12\lab12\x64\debug\lab12.tlog\link.command.1.tlog
c:\users\asus\source\repos\lab12\lab12\x64\debug\lab12.tlog\link.read.1.tlog
c:\users\asus\source\repos\lab12\lab12\x64\debug\lab12.tlog\link.write.1.tlog
